  MazeSolvingProblem.cpp
D:\Git\AlgorithmStudy\AlgorithmViewer\MazeSolvingProblem.cpp(103,11): warning C4244: '초기화 중': 'float'에서 'int'(으)로 변환하면서 데이터가 손실될 수 있습니다.
D:\Git\AlgorithmStudy\AlgorithmViewer\MazeSolvingProblem.cpp(119,80): warning C4244: '인수': 'LONG'에서 'float'(으)로 변환하면서 데이터가 손실될 수 있습니다.
D:\Git\AlgorithmStudy\AlgorithmViewer\MazeSolvingProblem.cpp(119,63): warning C4244: '인수': 'LONG'에서 'float'(으)로 변환하면서 데이터가 손실될 수 있습니다.
D:\Git\AlgorithmStudy\AlgorithmViewer\MazeSolvingProblem.cpp(119,50): warning C4244: '인수': 'LONG'에서 'float'(으)로 변환하면서 데이터가 손실될 수 있습니다.
D:\Git\AlgorithmStudy\AlgorithmViewer\MazeSolvingProblem.cpp(119,40): warning C4244: '인수': 'LONG'에서 'float'(으)로 변환하면서 데이터가 손실될 수 있습니다.
D:\Git\AlgorithmStudy\AlgorithmViewer\MazeSolvingProblem.cpp(123,82): warning C4244: '인수': 'LONG'에서 'float'(으)로 변환하면서 데이터가 손실될 수 있습니다.
D:\Git\AlgorithmStudy\AlgorithmViewer\MazeSolvingProblem.cpp(123,65): warning C4244: '인수': 'LONG'에서 'float'(으)로 변환하면서 데이터가 손실될 수 있습니다.
D:\Git\AlgorithmStudy\AlgorithmViewer\MazeSolvingProblem.cpp(123,52): warning C4244: '인수': 'LONG'에서 'float'(으)로 변환하면서 데이터가 손실될 수 있습니다.
D:\Git\AlgorithmStudy\AlgorithmViewer\MazeSolvingProblem.cpp(123,42): warning C4244: '인수': 'LONG'에서 'float'(으)로 변환하면서 데이터가 손실될 수 있습니다.
D:\Git\AlgorithmStudy\AlgorithmViewer\MazeSolvingProblem.cpp(131,83): warning C4244: '인수': 'LONG'에서 'float'(으)로 변환하면서 데이터가 손실될 수 있습니다.
D:\Git\AlgorithmStudy\AlgorithmViewer\MazeSolvingProblem.cpp(131,66): warning C4244: '인수': 'LONG'에서 'float'(으)로 변환하면서 데이터가 손실될 수 있습니다.
D:\Git\AlgorithmStudy\AlgorithmViewer\MazeSolvingProblem.cpp(131,53): warning C4244: '인수': 'LONG'에서 'float'(으)로 변환하면서 데이터가 손실될 수 있습니다.
D:\Git\AlgorithmStudy\AlgorithmViewer\MazeSolvingProblem.cpp(131,43): warning C4244: '인수': 'LONG'에서 'float'(으)로 변환하면서 데이터가 손실될 수 있습니다.
D:\Git\AlgorithmStudy\AlgorithmViewer\MazeSolvingProblem.cpp(136,42): warning C4244: '인수': 'LONG'에서 'float'(으)로 변환하면서 데이터가 손실될 수 있습니다.
D:\Git\AlgorithmStudy\AlgorithmViewer\MazeSolvingProblem.cpp(136,32): warning C4244: '인수': 'LONG'에서 'float'(으)로 변환하면서 데이터가 손실될 수 있습니다.
D:\Git\AlgorithmStudy\AlgorithmViewer\MazeSolvingProblem.cpp(144,45): warning C4244: '인수': 'int'에서 'float'(으)로 변환하면서 데이터가 손실될 수 있습니다.
D:\Git\AlgorithmStudy\AlgorithmViewer\MazeSolvingProblem.cpp(152,77): warning C4244: '인수': 'LONG'에서 'float'(으)로 변환하면서 데이터가 손실될 수 있습니다.
D:\Git\AlgorithmStudy\AlgorithmViewer\MazeSolvingProblem.cpp(152,60): warning C4244: '인수': 'LONG'에서 'float'(으)로 변환하면서 데이터가 손실될 수 있습니다.
D:\Git\AlgorithmStudy\AlgorithmViewer\MazeSolvingProblem.cpp(152,47): warning C4244: '인수': 'LONG'에서 'float'(으)로 변환하면서 데이터가 손실될 수 있습니다.
D:\Git\AlgorithmStudy\AlgorithmViewer\MazeSolvingProblem.cpp(152,37): warning C4244: '인수': 'LONG'에서 'float'(으)로 변환하면서 데이터가 손실될 수 있습니다.
D:\Git\AlgorithmStudy\AlgorithmViewer\MazeSolvingProblem.cpp(154,41): warning C4244: '인수': 'LONG'에서 'float'(으)로 변환하면서 데이터가 손실될 수 있습니다.
D:\Git\AlgorithmStudy\AlgorithmViewer\MazeSolvingProblem.cpp(154,31): warning C4244: '인수': 'LONG'에서 'float'(으)로 변환하면서 데이터가 손실될 수 있습니다.
D:\Git\AlgorithmStudy\AlgorithmViewer\MazeSolvingProblem.cpp(158,79): warning C4244: '인수': 'LONG'에서 'float'(으)로 변환하면서 데이터가 손실될 수 있습니다.
D:\Git\AlgorithmStudy\AlgorithmViewer\MazeSolvingProblem.cpp(158,62): warning C4244: '인수': 'LONG'에서 'float'(으)로 변환하면서 데이터가 손실될 수 있습니다.
D:\Git\AlgorithmStudy\AlgorithmViewer\MazeSolvingProblem.cpp(158,49): warning C4244: '인수': 'LONG'에서 'float'(으)로 변환하면서 데이터가 손실될 수 있습니다.
D:\Git\AlgorithmStudy\AlgorithmViewer\MazeSolvingProblem.cpp(158,39): warning C4244: '인수': 'LONG'에서 'float'(으)로 변환하면서 데이터가 손실될 수 있습니다.
D:\Git\AlgorithmStudy\AlgorithmViewer\MazeSolvingProblem.cpp(160,41): warning C4244: '인수': 'LONG'에서 'float'(으)로 변환하면서 데이터가 손실될 수 있습니다.
D:\Git\AlgorithmStudy\AlgorithmViewer\MazeSolvingProblem.cpp(160,31): warning C4244: '인수': 'LONG'에서 'float'(으)로 변환하면서 데이터가 손실될 수 있습니다.
D:\Git\AlgorithmStudy\AlgorithmViewer\MazeSolvingProblem.cpp(164,79): warning C4244: '인수': 'LONG'에서 'float'(으)로 변환하면서 데이터가 손실될 수 있습니다.
D:\Git\AlgorithmStudy\AlgorithmViewer\MazeSolvingProblem.cpp(164,62): warning C4244: '인수': 'LONG'에서 'float'(으)로 변환하면서 데이터가 손실될 수 있습니다.
D:\Git\AlgorithmStudy\AlgorithmViewer\MazeSolvingProblem.cpp(164,49): warning C4244: '인수': 'LONG'에서 'float'(으)로 변환하면서 데이터가 손실될 수 있습니다.
D:\Git\AlgorithmStudy\AlgorithmViewer\MazeSolvingProblem.cpp(164,39): warning C4244: '인수': 'LONG'에서 'float'(으)로 변환하면서 데이터가 손실될 수 있습니다.
D:\Git\AlgorithmStudy\AlgorithmViewer\MazeSolvingProblem.cpp(166,41): warning C4244: '인수': 'LONG'에서 'float'(으)로 변환하면서 데이터가 손실될 수 있습니다.
D:\Git\AlgorithmStudy\AlgorithmViewer\MazeSolvingProblem.cpp(166,31): warning C4244: '인수': 'LONG'에서 'float'(으)로 변환하면서 데이터가 손실될 수 있습니다.
D:\Git\AlgorithmStudy\AlgorithmViewer\MazeSolvingProblem.cpp(172,41): warning C4244: '인수': 'LONG'에서 'float'(으)로 변환하면서 데이터가 손실될 수 있습니다.
D:\Git\AlgorithmStudy\AlgorithmViewer\MazeSolvingProblem.cpp(172,31): warning C4244: '인수': 'LONG'에서 'float'(으)로 변환하면서 데이터가 손실될 수 있습니다.
D:\Git\AlgorithmStudy\AlgorithmViewer\MazeSolvingProblem.cpp(174,75): warning C4244: '인수': 'LONG'에서 'float'(으)로 변환하면서 데이터가 손실될 수 있습니다.
D:\Git\AlgorithmStudy\AlgorithmViewer\MazeSolvingProblem.cpp(174,58): warning C4244: '인수': 'LONG'에서 'float'(으)로 변환하면서 데이터가 손실될 수 있습니다.
D:\Git\AlgorithmStudy\AlgorithmViewer\MazeSolvingProblem.cpp(174,45): warning C4244: '인수': 'LONG'에서 'float'(으)로 변환하면서 데이터가 손실될 수 있습니다.
D:\Git\AlgorithmStudy\AlgorithmViewer\MazeSolvingProblem.cpp(174,35): warning C4244: '인수': 'LONG'에서 'float'(으)로 변환하면서 데이터가 손실될 수 있습니다.
D:\Git\AlgorithmStudy\AlgorithmViewer\MazeSolvingProblem.cpp(189,47): warning C4244: '인수': 'LONG'에서 'float'(으)로 변환하면서 데이터가 손실될 수 있습니다.
D:\Git\AlgorithmStudy\AlgorithmViewer\MazeSolvingProblem.cpp(189,35): warning C4244: '인수': 'LONG'에서 'float'(으)로 변환하면서 데이터가 손실될 수 있습니다.
  WinMain.cpp
D:\Git\AlgorithmStudy\AlgorithmViewer\WinMain.cpp(82,12): warning C4244: '초기화 중': 'float'에서 'int'(으)로 변환하면서 데이터가 손실될 수 있습니다.
  코드를 생성하고 있습니다...
  AlgorithmViewer.vcxproj -> D:\Git\AlgorithmStudy\x64\Debug\AlgorithmViewer.exe
