d:\git\algorithmstudy\oneday_onealgorithm\x64\debug\vc142.pdb
d:\git\algorithmstudy\oneday_onealgorithm\x64\debug\vc142.idb
d:\git\algorithmstudy\oneday_onealgorithm\x64\debug\1011.obj
d:\git\algorithmstudy\oneday_onealgorithm\x64\debug\4948.obj
d:\git\algorithmstudy\oneday_onealgorithm\x64\debug\1929.obj
d:\git\algorithmstudy\oneday_onealgorithm\x64\debug\9020.obj
d:\git\algorithmstudy\oneday_onealgorithm\x64\debug\10870.obj
d:\git\algorithmstudy\oneday_onealgorithm\x64\debug\11650.obj
d:\git\algorithmstudy\oneday_onealgorithm\x64\debug\11651.obj
d:\git\algorithmstudy\oneday_onealgorithm\x64\debug\1018.obj
d:\git\algorithmstudy\oneday_onealgorithm\x64\debug\10989.obj
d:\git\algorithmstudy\oneday_onealgorithm\x64\debug\2447.obj
d:\git\algorithmstudy\oneday_onealgorithm\x64\debug\2108.obj
d:\git\algorithmstudy\oneday_onealgorithm\x64\debug\1181.obj
d:\git\algorithmstudy\x64\debug\oneday_onealgorithm.exe
d:\git\algorithmstudy\oneday_onealgorithm\x64\debug\oneday_onealgorithm.ilk
d:\git\algorithmstudy\x64\debug\oneday_onealgorithm.pdb
d:\git\algorithmstudy\oneday_onealgorithm\x64\debug\2447.obj.enc
d:\git\algorithmstudy\oneday_onealgorithm\x64\debug\oneday_o.d4d821a6.tlog\cl.command.1.tlog
d:\git\algorithmstudy\oneday_onealgorithm\x64\debug\oneday_o.d4d821a6.tlog\cl.read.1.tlog
d:\git\algorithmstudy\oneday_onealgorithm\x64\debug\oneday_o.d4d821a6.tlog\cl.write.1.tlog
d:\git\algorithmstudy\oneday_onealgorithm\x64\debug\oneday_o.d4d821a6.tlog\link.command.1.tlog
d:\git\algorithmstudy\oneday_onealgorithm\x64\debug\oneday_o.d4d821a6.tlog\link.read.1.tlog
d:\git\algorithmstudy\oneday_onealgorithm\x64\debug\oneday_o.d4d821a6.tlog\link.write.1.tlog
