  pch.cpp
  GraphicsEngine_D2D.cpp
D:\Git\AlgorithmStudy\GraphicsEngine_D2D\GraphicsEngine_D2D.cpp(418,14): warning C4267: '인수': 'size_t'에서 'UINT32'(으)로 변환하면서 데이터가 손실될 수 있습니다.
D:\Git\AlgorithmStudy\GraphicsEngine_D2D\GraphicsEngine_D2D.cpp(444,14): warning C4267: '인수': 'size_t'에서 'UINT32'(으)로 변환하면서 데이터가 손실될 수 있습니다.
D:\Git\AlgorithmStudy\GraphicsEngine_D2D\GraphicsEngine_D2D.cpp(471,14): warning C4267: '인수': 'size_t'에서 'UINT32'(으)로 변환하면서 데이터가 손실될 수 있습니다.
D:\Git\AlgorithmStudy\GraphicsEngine_D2D\GraphicsEngine_D2D.cpp(501,14): warning C4267: '인수': 'size_t'에서 'UINT32'(으)로 변환하면서 데이터가 손실될 수 있습니다.
D:\Git\AlgorithmStudy\GraphicsEngine_D2D\GraphicsEngine_D2D.cpp(529,14): warning C4267: '인수': 'size_t'에서 'UINT32'(으)로 변환하면서 데이터가 손실될 수 있습니다.
D:\Git\AlgorithmStudy\GraphicsEngine_D2D\GraphicsEngine_D2D.cpp(559,14): warning C4267: '인수': 'size_t'에서 'UINT32'(으)로 변환하면서 데이터가 손실될 수 있습니다.
D:\Git\AlgorithmStudy\GraphicsEngine_D2D\GraphicsEngine_D2D.cpp(587,14): warning C4267: '인수': 'size_t'에서 'UINT32'(으)로 변환하면서 데이터가 손실될 수 있습니다.
D:\Git\AlgorithmStudy\GraphicsEngine_D2D\GraphicsEngine_D2D.cpp(617,14): warning C4267: '인수': 'size_t'에서 'UINT32'(으)로 변환하면서 데이터가 손실될 수 있습니다.
D:\Git\AlgorithmStudy\GraphicsEngine_D2D\GraphicsEngine_D2D.cpp(643,14): warning C4267: '인수': 'size_t'에서 'UINT32'(으)로 변환하면서 데이터가 손실될 수 있습니다.
D:\Git\AlgorithmStudy\GraphicsEngine_D2D\GraphicsEngine_D2D.cpp(658,14): warning C4244: '인수': 'int'에서 'float'(으)로 변환하면서 데이터가 손실될 수 있습니다.
D:\Git\AlgorithmStudy\GraphicsEngine_D2D\GraphicsEngine_D2D.cpp(678,14): warning C4267: '인수': 'size_t'에서 'UINT32'(으)로 변환하면서 데이터가 손실될 수 있습니다.
D:\Git\AlgorithmStudy\GraphicsEngine_D2D\GraphicsEngine_D2D.cpp(689,16): warning C4244: '인수': 'int'에서 'float'(으)로 변환하면서 데이터가 손실될 수 있습니다.
D:\Git\AlgorithmStudy\GraphicsEngine_D2D\GraphicsEngine_D2D.cpp(709,14): warning C4267: '인수': 'size_t'에서 'UINT32'(으)로 변환하면서 데이터가 손실될 수 있습니다.
  JMotion.cpp
  JPhysics.cpp
D:\Git\AlgorithmStudy\GraphicsEngine_D2D\JPhysics.cpp(11,15): warning C4244: '초기화 중': 'double'에서 'float'(으)로 변환하면서 데이터가 손실될 수 있습니다.
  JScript.cpp
D:\Git\AlgorithmStudy\GraphicsEngine_D2D\JScript.cpp(27,47): warning C4267: '=': 'size_t'에서 'int'(으)로 변환하면서 데이터가 손실될 수 있습니다.
  JSprite.cpp
  JTimer.cpp
  JTransform.cpp
D:\Git\AlgorithmStudy\GraphicsEngine_D2D\JTransform.cpp(81,31): warning C4244: '+=': 'float'에서 'int'(으)로 변환하면서 데이터가 손실될 수 있습니다.
D:\Git\AlgorithmStudy\GraphicsEngine_D2D\JTransform.cpp(83,17): warning C4244: '=': 'int'에서 'float'(으)로 변환하면서 데이터가 손실될 수 있습니다.
D:\Git\AlgorithmStudy\GraphicsEngine_D2D\JTransform.cpp(205,18): warning C4244: '초기화 중': 'double'에서 'float'(으)로 변환하면서 데이터가 손실될 수 있습니다.
D:\Git\AlgorithmStudy\GraphicsEngine_D2D\JTransform.cpp(276,12): warning C4244: '초기화 중': 'double'에서 'float'(으)로 변환하면서 데이터가 손실될 수 있습니다.
D:\Git\AlgorithmStudy\GraphicsEngine_D2D\JTransform.cpp(280,9): warning C4838: 'double'에서 'float'(으)로의 변환에는 축소 변환이 필요합니다.
D:\Git\AlgorithmStudy\GraphicsEngine_D2D\JTransform.cpp(280,9): warning C4244: '초기화 중': 'double'에서 'float'(으)로 변환하면서 데이터가 손실될 수 있습니다.
D:\Git\AlgorithmStudy\GraphicsEngine_D2D\JTransform.cpp(280,20): warning C4838: 'double'에서 'float'(으)로의 변환에는 축소 변환이 필요합니다.
D:\Git\AlgorithmStudy\GraphicsEngine_D2D\JTransform.cpp(280,20): warning C4244: '초기화 중': 'double'에서 'float'(으)로 변환하면서 데이터가 손실될 수 있습니다.
D:\Git\AlgorithmStudy\GraphicsEngine_D2D\JTransform.cpp(281,6): warning C4838: 'double'에서 'float'(으)로의 변환에는 축소 변환이 필요합니다.
D:\Git\AlgorithmStudy\GraphicsEngine_D2D\JTransform.cpp(281,6): warning C4244: '초기화 중': 'double'에서 'float'(으)로 변환하면서 데이터가 손실될 수 있습니다.
D:\Git\AlgorithmStudy\GraphicsEngine_D2D\JTransform.cpp(281,20): warning C4838: 'double'에서 'float'(으)로의 변환에는 축소 변환이 필요합니다.
D:\Git\AlgorithmStudy\GraphicsEngine_D2D\JTransform.cpp(281,20): warning C4244: '초기화 중': 'double'에서 'float'(으)로 변환하면서 데이터가 손실될 수 있습니다.
  Sprite.cpp
D:\Git\AlgorithmStudy\GraphicsEngine_D2D\Sprite.cpp(39,38): warning C4267: '=': 'size_t'에서 'int'(으)로 변환하면서 데이터가 손실될 수 있습니다.
  코드를 생성하고 있습니다...
D:\Git\AlgorithmStudy\GraphicsEngine_D2D\JScript.cpp(51): warning C4715: 'JScript::GetSpeaker': 모든 제어 경로에서 값을 반환하지는 않습니다.
D:\Git\AlgorithmStudy\GraphicsEngine_D2D\JScript.cpp(43): warning C4715: 'JScript::GetText': 모든 제어 경로에서 값을 반환하지는 않습니다.
  GraphicsEngine_D2D.vcxproj -> D:\Git\AlgorithmStudy\x64\Debug\GraphicsEngine_D2D_x64_debug.lib
          1개 파일이 복사되었습니다.
