d:\ga2ndfinal_eggroll\5_project\eggengine\graphicsengine_d2d\x64\debug\graphicsengine_d2d_x64_debug.pch
d:\ga2ndfinal_eggroll\5_project\eggengine\x64\debug\graphicsengine_d2d_x64_debug.pdb
d:\ga2ndfinal_eggroll\5_project\eggengine\x64\debug\graphicsengine_d2d_x64_debug.idb
d:\ga2ndfinal_eggroll\5_project\eggengine\graphicsengine_d2d\x64\debug\pch.obj
d:\ga2ndfinal_eggroll\5_project\eggengine\graphicsengine_d2d\x64\debug\sprite.obj
d:\ga2ndfinal_eggroll\5_project\eggengine\graphicsengine_d2d\x64\debug\jtransform.obj
d:\ga2ndfinal_eggroll\5_project\eggengine\graphicsengine_d2d\x64\debug\jtimer.obj
d:\ga2ndfinal_eggroll\5_project\eggengine\graphicsengine_d2d\x64\debug\jsprite.obj
d:\ga2ndfinal_eggroll\5_project\eggengine\graphicsengine_d2d\x64\debug\jscript.obj
d:\ga2ndfinal_eggroll\5_project\eggengine\graphicsengine_d2d\x64\debug\jphysics.obj
d:\ga2ndfinal_eggroll\5_project\eggengine\graphicsengine_d2d\x64\debug\jmotion.obj
d:\ga2ndfinal_eggroll\5_project\eggengine\graphicsengine_d2d\x64\debug\graphicsengine_d2d.obj
d:\git\algorithmstudy\graphicsengine_d2d\x64\debug\graphicsengine_d2d_x64_debug.pch
d:\git\algorithmstudy\x64\debug\graphicsengine_d2d_x64_debug.pdb
d:\git\algorithmstudy\x64\debug\graphicsengine_d2d_x64_debug.idb
d:\git\algorithmstudy\graphicsengine_d2d\x64\debug\pch.obj
d:\git\algorithmstudy\graphicsengine_d2d\x64\debug\jtransform.obj
d:\git\algorithmstudy\graphicsengine_d2d\x64\debug\jtimer.obj
d:\git\algorithmstudy\graphicsengine_d2d\x64\debug\jsprite.obj
d:\git\algorithmstudy\graphicsengine_d2d\x64\debug\jscript.obj
d:\git\algorithmstudy\graphicsengine_d2d\x64\debug\jphysics.obj
d:\git\algorithmstudy\graphicsengine_d2d\x64\debug\jmotion.obj
d:\git\algorithmstudy\graphicsengine_d2d\x64\debug\sprite.obj
d:\git\algorithmstudy\graphicsengine_d2d\x64\debug\graphicsengine_d2d.obj
d:\ga2ndfinal_eggroll\5_project\eggengine\x64\debug\graphicsengine_d2d_x64_debug.lib
d:\git\algorithmstudy\x64\debug\graphicsengine_d2d_x64_debug.lib
d:\git\algorithmstudy\graphicsengine_d2d\x64\debug\graphics.37e3085b.tlog\cl.command.1.tlog
d:\git\algorithmstudy\graphicsengine_d2d\x64\debug\graphics.37e3085b.tlog\cl.read.1.tlog
d:\git\algorithmstudy\graphicsengine_d2d\x64\debug\graphics.37e3085b.tlog\cl.write.1.tlog
d:\git\algorithmstudy\graphicsengine_d2d\x64\debug\graphics.37e3085b.tlog\lib-link.read.1.tlog
d:\git\algorithmstudy\graphicsengine_d2d\x64\debug\graphics.37e3085b.tlog\lib-link.write.1.tlog
d:\git\algorithmstudy\graphicsengine_d2d\x64\debug\graphics.37e3085b.tlog\lib.command.1.tlog
