  set에서의 emplace와 insert.cpp
C:\Program Files\Microsoft Visual Studio\2022\Community\VC\Tools\MSVC\14.32.31326\include\xstddef(117,22): error C2676: 이항 '<': 'const _Ty'이(가) 이 연산자를 정의하지 않거나 미리 정의된 연산자에 허용되는 형식으로의 변환을 정의하지 않습니다.
          with
          [
              _Ty=AA
          ]
C:\Program Files\Microsoft Visual Studio\2022\Community\VC\Tools\MSVC\14.32.31326\include\xstddef(116): message : 클래스 템플릿 멤버 함수 'bool std::less<AA>::operator ()(const _Ty &,const _Ty &) const'을(를) 컴파일하는 중입니다.
          with
          [
              _Ty=AA
          ]
C:\Program Files\Microsoft Visual Studio\2022\Community\VC\Tools\MSVC\14.32.31326\include\xtree(1605): message : 컴파일되는 함수 템플릿 인스턴스화 'bool std::less<AA>::operator ()(const _Ty &,const _Ty &) const'에 대한 참조를 확인하세요.
          with
          [
              _Ty=AA
          ]
C:\Program Files\Microsoft Visual Studio\2022\Community\VC\Tools\MSVC\14.32.31326\include\xmemory(1360): message : 컴파일되는 클래스 템플릿 인스턴스화 'std::less<AA>'에 대한 참조를 확인하세요.
C:\Program Files\Microsoft Visual Studio\2022\Community\VC\Tools\MSVC\14.32.31326\include\xmemory(1360): message : 컴파일되는 변수 템플릿 'const bool is_empty_v<std::less<AA> >'에 대한 참조를 확인하세요.
C:\Program Files\Microsoft Visual Studio\2022\Community\VC\Tools\MSVC\14.32.31326\include\set(52): message : 컴파일되는 클래스 템플릿 인스턴스화 'std::_Tree<std::_Tset_traits<_Kty,_Pr,_Alloc,false>>'에 대한 참조를 확인하세요.
          with
          [
              _Kty=AA,
              _Pr=std::less<AA>,
              _Alloc=std::allocator<AA>
          ]
C:\Users\정종영\Desktop\Git\AlgorithmStudy\C++Study\set에서의 emplace와 insert.cpp(20): message : 컴파일되는 클래스 템플릿 인스턴스화 'std::set<AA,std::less<AA>,std::allocator<AA>>'에 대한 참조를 확인하세요.
