c:\users\정종영\desktop\git\algorithmstudy\c++study\x64\debug\vc143.pdb
c:\users\정종영\desktop\git\algorithmstudy\c++study\x64\debug\vc143.idb
c:\users\정종영\desktop\git\algorithmstudy\c++study\x64\debug\push_back과emplace_back의차이.obj
c:\users\정종영\desktop\git\algorithmstudy\x64\debug\c++study.exe
c:\users\정종영\desktop\git\algorithmstudy\c++study\x64\debug\c++study.ilk
c:\users\정종영\desktop\git\algorithmstudy\x64\debug\c++study.pdb
d:\git\algorithmstudy\c++study\x64\debug\2장_2.1.3~_0608.obj
d:\git\algorithmstudy\c++study\x64\debug\3장_3.1~_0609.obj
d:\git\algorithmstudy\c++study\x64\debug\push_back과emplace_back의차이.obj
d:\git\algorithmstudy\c++study\x64\debug\c++study.ilk
d:\git\algorithmstudy\c++study\x64\debug\vc142.idb
d:\git\algorithmstudy\c++study\x64\debug\vc143.idb
d:\git\algorithmstudy\c++study\x64\debug\vc142.pdb
d:\git\algorithmstudy\c++study\x64\debug\vc143.pdb
d:\git\algorithmstudy\x64\debug\c++study.pdb
d:\git\algorithmstudy\x64\debug\c++study.exe
d:\git\algorithmstudy\x64\debug\c++study.ilk
d:\git\algorithmstudy\c++study\x64\debug\c++study.tlog\cl.command.1.tlog
d:\git\algorithmstudy\c++study\x64\debug\c++study.tlog\cl.read.1.tlog
d:\git\algorithmstudy\c++study\x64\debug\c++study.tlog\cl.write.1.tlog
d:\git\algorithmstudy\c++study\x64\debug\c++study.tlog\link.command.1.tlog
d:\git\algorithmstudy\c++study\x64\debug\c++study.tlog\link.read.1.tlog
d:\git\algorithmstudy\c++study\x64\debug\c++study.tlog\link.write.1.tlog
