  1장_1.2_0605.cpp
D:\Git\AlgorithmStudy\C++Study\1장_1.2_0605.cpp(7,18): error C2065: 'make_unique': 선언되지 않은 식별자입니다.
D:\Git\AlgorithmStudy\C++Study\1장_1.2_0605.cpp(7,30): error C2065: 'Employee': 선언되지 않은 식별자입니다.
D:\Git\AlgorithmStudy\C++Study\1장_1.2_0605.cpp(7,29): error C2059: 구문 오류: ']'
D:\Git\AlgorithmStudy\C++Study\1장_1.2_0605.cpp(8,6): error C2143: 구문 오류: ';'이(가) '<<' 앞에 없습니다.
D:\Git\AlgorithmStudy\C++Study\1장_1.2_0605.cpp(8,6): error C4430: 형식 지정자가 없습니다. int로 가정합니다. 참고: C++에서는 기본 int를 지원하지 않습니다.
D:\Git\AlgorithmStudy\C++Study\1장_1.2_0605.cpp(13,11): error C2143: 구문 오류: ';'이(가) '<' 앞에 없습니다.
D:\Git\AlgorithmStudy\C++Study\1장_1.2_0605.cpp(13,11): error C4430: 형식 지정자가 없습니다. int로 가정합니다. 참고: C++에서는 기본 int를 지원하지 않습니다.
D:\Git\AlgorithmStudy\C++Study\1장_1.2_0605.cpp(14,6): error C2143: 구문 오류: ';'이(가) '<<' 앞에 없습니다.
D:\Git\AlgorithmStudy\C++Study\1장_1.2_0605.cpp(14,6): error C4430: 형식 지정자가 없습니다. int로 가정합니다. 참고: C++에서는 기본 int를 지원하지 않습니다.
D:\Git\AlgorithmStudy\C++Study\1장_1.2_0605.cpp(14,1): error C2086: 'int cout': 재정의
D:\Git\AlgorithmStudy\C++Study\1장_1.2_0605.cpp(8): message : 'cout' 선언을 참조하십시오.
D:\Git\AlgorithmStudy\C++Study\1장_1.2_0605.cpp(32,9): error C3861: 'invalid_argument': 식별자를 찾을 수 없습니다.
D:\Git\AlgorithmStudy\C++Study\1장_1.2_0605.cpp(45,35): error C2297: '<<': 오른쪽 피연산자 형식으로 'double'을(를) 사용할 수 없습니다.
D:\Git\AlgorithmStudy\C++Study\1장_1.2_0605.cpp(45,38): error C2065: 'endl': 선언되지 않은 식별자입니다.
D:\Git\AlgorithmStudy\C++Study\1장_1.2_0605.cpp(45,35): warning C4552: '<<': 식의 결과가 사용되지 않습니다.
D:\Git\AlgorithmStudy\C++Study\1장_1.2_0605.cpp(46,33): error C2297: '<<': 오른쪽 피연산자 형식으로 'double'을(를) 사용할 수 없습니다.
D:\Git\AlgorithmStudy\C++Study\1장_1.2_0605.cpp(46,36): error C2065: 'endl': 선언되지 않은 식별자입니다.
D:\Git\AlgorithmStudy\C++Study\1장_1.2_0605.cpp(46,33): warning C4552: '<<': 식의 결과가 사용되지 않습니다.
D:\Git\AlgorithmStudy\C++Study\1장_1.2_0605.cpp(47,35): error C2297: '<<': 오른쪽 피연산자 형식으로 'double'을(를) 사용할 수 없습니다.
D:\Git\AlgorithmStudy\C++Study\1장_1.2_0605.cpp(47,38): error C2065: 'endl': 선언되지 않은 식별자입니다.
D:\Git\AlgorithmStudy\C++Study\1장_1.2_0605.cpp(47,35): warning C4552: '<<': 식의 결과가 사용되지 않습니다.
D:\Git\AlgorithmStudy\C++Study\1장_1.2_0605.cpp(49,31): error C4430: 형식 지정자가 없습니다. int로 가정합니다. 참고: C++에서는 기본 int를 지원하지 않습니다.
D:\Git\AlgorithmStudy\C++Study\1장_1.2_0605.cpp(49,31): error C2143: 구문 오류: ','이(가) '&' 앞에 없습니다.
D:\Git\AlgorithmStudy\C++Study\1장_1.2_0605.cpp(51,32): error C2297: '<<': 오른쪽 피연산자 형식으로 'const char [19]'을(를) 사용할 수 없습니다.
D:\Git\AlgorithmStudy\C++Study\1장_1.2_0605.cpp(51,35): error C2065: 'exception': 선언되지 않은 식별자입니다.
D:\Git\AlgorithmStudy\C++Study\1장_1.2_0605.cpp(51,55): error C2065: 'endl': 선언되지 않은 식별자입니다.
D:\Git\AlgorithmStudy\C++Study\1장_1.2_0605.cpp(85,5): error C2084: 'int main(void)' 함수에 이미 본문이 있습니다.
D:\Git\AlgorithmStudy\C++Study\1장_1.2_0605.cpp(41): message : 'main'의 이전 정의를 참조하십시오.
D:\Git\AlgorithmStudy\C++Study\1장_1.2_0605.cpp(107,17): error C2374: 'f2': 재정의. 여러 번 초기화했습니다.
D:\Git\AlgorithmStudy\C++Study\1장_1.2_0605.cpp(92): message : 'f2' 선언을 참조하십시오.
